<?xml version="1.0" encoding="UTF-8"?>
<!-- Generated by org.testng.reporters.JUnitReportReporter -->
<testsuite skipped="0" hostname="USBLRDINESHK72"
	name="stepdefinitions.createUser" tests="2" failures="0"
	timestamp="2022-12-29T22:39:05 IST" time="3.532" errors="0">
	<testcase name="createusers" time="3.525"
		classname="stepdefinitions.createUser" />
	<system-out />
	<testcase name="createuserPOJO" time="0.007"
		classname="stepdefinitions.createUser" />
	<system-out />
</testsuite> <!-- stepdefinitions.createUser -->
