<?xml version="1.0" encoding="UTF-8"?>
<!-- Generated by org.testng.reporters.JUnitReportReporter -->
<testsuite skipped="0" hostname="USBLRDINESHK72"
	name="createUser" tests="1" failures="0"
	timestamp="2022-12-29T17:52:02 IST" time="4.985" errors="0">
	<testcase name="createusers" time="4.985"
		classname="createUser" />
	<system-out />
</testsuite> <!-- createUser -->
